app/manifest-merger-release-report.txt
-- Merging decision tree log ---
manifest
ADDED from AndroidManifest.xml:2:1
	xmlns:android
		ADDED from AndroidManifest.xml:2:11
	package
		ADDED from AndroidManifest.xml:3:5
		INJECTED from AndroidManifest.xml:0:0
		INJECTED from AndroidManifest.xml:0:0
	android:versionName
		INJECTED from AndroidManifest.xml:0:0
		INJECTED from AndroidManifest.xml:0:0
	android:versionCode
		INJECTED from AndroidManifest.xml:0:0
		INJECTED from AndroidManifest.xml:0:0
uses-permission#android.permission.VIBRATE
ADDED from AndroidManifest.xml:5:5
	android:name
		ADDED from AndroidManifest.xml:5:22
uses-permission#android.permission.INTERNET
ADDED from AndroidManifest.xml:6:5
	android:name
		ADDED from AndroidManifest.xml:6:22
uses-permission#android.permission.ACCESS_NETWORK_STATE
ADDED from AndroidManifest.xml:7:5
	android:name
		ADDED from AndroidManifest.xml:7:22
uses-permission#com.android.vending.BILLING
ADDED from AndroidManifest.xml:8:5
	android:name
		ADDED from AndroidManifest.xml:8:22
application
ADDED from AndroidManifest.xml:10:5
MERGED from com.android.support:appcompat-v7:21.0.3:16:5
MERGED from com.android.support:support-v4:21.0.3:16:5
MERGED from com.afollestad:material-dialogs:0.6.1.5:12:5
MERGED from com.android.support:appcompat-v7:21.0.3:16:5
MERGED from com.android.support:support-v4:21.0.3:16:5
MERGED from com.android.support:support-v4:21.0.3:16:5
	android:label
		ADDED from AndroidManifest.xml:14:9
	android:allowBackup
		ADDED from AndroidManifest.xml:11:9
	android:icon
		ADDED from AndroidManifest.xml:13:9
	android:theme
		ADDED from AndroidManifest.xml:15:9
	android:clearTaskOnLaunch
		ADDED from AndroidManifest.xml:12:9
activity#com.sugoilabs.bics.Welcome
ADDED from AndroidManifest.xml:16:9
	android:screenOrientation
		ADDED from AndroidManifest.xml:20:13
	android:label
		ADDED from AndroidManifest.xml:19:13
	android:clearTaskOnLaunch
		ADDED from AndroidManifest.xml:18:13
	android:name
		ADDED from AndroidManifest.xml:17:13
intent-filter#android.intent.action.MAIN+android.intent.category.LAUNCHER
ADDED from AndroidManifest.xml:21:13
action#android.intent.action.MAIN
ADDED from AndroidManifest.xml:22:17
	android:name
		ADDED from AndroidManifest.xml:22:25
category#android.intent.category.LAUNCHER
ADDED from AndroidManifest.xml:24:17
	android:name
		ADDED from AndroidManifest.xml:24:27
activity#com.sugoilabs.bics.Step1
ADDED from AndroidManifest.xml:27:9
	android:screenOrientation
		ADDED from AndroidManifest.xml:30:13
	android:label
		ADDED from AndroidManifest.xml:29:13
	android:name
		ADDED from AndroidManifest.xml:28:13
activity#com.sugoilabs.bics.Step2
ADDED from AndroidManifest.xml:32:9
	android:screenOrientation
		ADDED from AndroidManifest.xml:35:13
	android:label
		ADDED from AndroidManifest.xml:34:13
	android:name
		ADDED from AndroidManifest.xml:33:13
activity#com.sugoilabs.bics.Step4
ADDED from AndroidManifest.xml:37:9
	android:screenOrientation
		ADDED from AndroidManifest.xml:40:13
	android:label
		ADDED from AndroidManifest.xml:39:13
	android:name
		ADDED from AndroidManifest.xml:38:13
activity#com.sugoilabs.bics.PrimaryColor
ADDED from AndroidManifest.xml:42:9
	android:screenOrientation
		ADDED from AndroidManifest.xml:45:13
	android:label
		ADDED from AndroidManifest.xml:44:13
	android:name
		ADDED from AndroidManifest.xml:43:13
activity#com.sugoilabs.bics.PictureFlash
ADDED from AndroidManifest.xml:47:9
	android:screenOrientation
		ADDED from AndroidManifest.xml:50:13
	android:label
		ADDED from AndroidManifest.xml:49:13
	android:name
		ADDED from AndroidManifest.xml:48:13
activity#com.sugoilabs.bics.PictureFlashAnswer
ADDED from AndroidManifest.xml:52:9
	android:screenOrientation
		ADDED from AndroidManifest.xml:55:13
	android:label
		ADDED from AndroidManifest.xml:54:13
	android:name
		ADDED from AndroidManifest.xml:53:13
activity#com.sugoilabs.bics.Clock
ADDED from AndroidManifest.xml:57:9
	android:screenOrientation
		ADDED from AndroidManifest.xml:60:13
	android:label
		ADDED from AndroidManifest.xml:59:13
	android:name
		ADDED from AndroidManifest.xml:58:13
activity#com.sugoilabs.bics.WordAudioFlash
ADDED from AndroidManifest.xml:62:9
	android:screenOrientation
		ADDED from AndroidManifest.xml:65:13
	android:label
		ADDED from AndroidManifest.xml:64:13
	android:name
		ADDED from AndroidManifest.xml:63:13
activity#com.sugoilabs.bics.WordAudioFlashAnswer
ADDED from AndroidManifest.xml:67:9
	android:screenOrientation
		ADDED from AndroidManifest.xml:70:13
	android:label
		ADDED from AndroidManifest.xml:69:13
	android:name
		ADDED from AndroidManifest.xml:68:13
activity#com.sugoilabs.bics.Pattern
ADDED from AndroidManifest.xml:72:9
	android:label
		ADDED from AndroidManifest.xml:74:13
	android:name
		ADDED from AndroidManifest.xml:73:13
activity#com.sugoilabs.bics.PatternShow
ADDED from AndroidManifest.xml:76:9
	android:screenOrientation
		ADDED from AndroidManifest.xml:79:13
	android:label
		ADDED from AndroidManifest.xml:78:13
	android:theme
		ADDED from AndroidManifest.xml:80:13
	android:name
		ADDED from AndroidManifest.xml:77:13
activity#com.sugoilabs.bics.patternDraw
ADDED from AndroidManifest.xml:82:9
	android:screenOrientation
		ADDED from AndroidManifest.xml:85:13
	android:label
		ADDED from AndroidManifest.xml:84:13
	android:name
		ADDED from AndroidManifest.xml:83:13
activity#com.sugoilabs.bics.TraumaticInjury
ADDED from AndroidManifest.xml:87:9
	android:screenOrientation
		ADDED from AndroidManifest.xml:90:13
	android:label
		ADDED from AndroidManifest.xml:89:13
	android:name
		ADDED from AndroidManifest.xml:88:13
activity#com.sugoilabs.bics.FinalScreen
ADDED from AndroidManifest.xml:92:9
	android:screenOrientation
		ADDED from AndroidManifest.xml:95:13
	android:label
		ADDED from AndroidManifest.xml:94:13
	android:name
		ADDED from AndroidManifest.xml:93:13
activity#com.sugoilabs.bics.DrawingActivity
ADDED from AndroidManifest.xml:97:9
	android:screenOrientation
		ADDED from AndroidManifest.xml:100:13
	android:label
		ADDED from AndroidManifest.xml:99:13
	android:name
		ADDED from AndroidManifest.xml:98:13
activity#com.sugoilabs.bics.FalsePositiveCaution
ADDED from AndroidManifest.xml:102:9
	android:screenOrientation
		ADDED from AndroidManifest.xml:105:13
	android:label
		ADDED from AndroidManifest.xml:104:13
	android:name
		ADDED from AndroidManifest.xml:103:13
activity#com.sugoilabs.bics.PatternShowLayout
ADDED from AndroidManifest.xml:107:9
	android:screenOrientation
		ADDED from AndroidManifest.xml:110:13
	android:label
		ADDED from AndroidManifest.xml:109:13
	android:name
		ADDED from AndroidManifest.xml:108:13
activity#com.sugoilabs.bics.rectangleShow
ADDED from AndroidManifest.xml:112:9
	android:screenOrientation
		ADDED from AndroidManifest.xml:115:13
	android:label
		ADDED from AndroidManifest.xml:114:13
	android:name
		ADDED from AndroidManifest.xml:113:13
activity#com.sugoilabs.bics.SimilarPicture
ADDED from AndroidManifest.xml:117:9
	android:screenOrientation
		ADDED from AndroidManifest.xml:120:13
	android:label
		ADDED from AndroidManifest.xml:119:13
	android:name
		ADDED from AndroidManifest.xml:118:13
activity#com.sugoilabs.bics.SelectShapes
ADDED from AndroidManifest.xml:122:9
	android:screenOrientation
		ADDED from AndroidManifest.xml:125:13
	android:label
		ADDED from AndroidManifest.xml:124:13
	android:name
		ADDED from AndroidManifest.xml:123:13
activity#com.sugoilabs.bics.SelectLetter
ADDED from AndroidManifest.xml:127:9
	android:screenOrientation
		ADDED from AndroidManifest.xml:130:13
	android:label
		ADDED from AndroidManifest.xml:129:13
	android:name
		ADDED from AndroidManifest.xml:128:13
activity#com.sugoilabs.bics.reportDisplay
ADDED from AndroidManifest.xml:132:9
	android:screenOrientation
		ADDED from AndroidManifest.xml:135:13
	android:label
		ADDED from AndroidManifest.xml:134:13
	android:name
		ADDED from AndroidManifest.xml:133:13
activity#com.sugoilabs.bics.TermsCondition
ADDED from AndroidManifest.xml:137:9
	android:screenOrientation
		ADDED from AndroidManifest.xml:140:13
	android:label
		ADDED from AndroidManifest.xml:139:13
	android:name
		ADDED from AndroidManifest.xml:138:13
activity#com.sugoilabs.bics.InitialQuestionForm
ADDED from AndroidManifest.xml:142:9
	android:label
		ADDED from AndroidManifest.xml:144:13
	android:name
		ADDED from AndroidManifest.xml:143:13
activity#com.sugoilabs.bics.Registration
ADDED from AndroidManifest.xml:146:9
	android:label
		ADDED from AndroidManifest.xml:148:13
	android:name
		ADDED from AndroidManifest.xml:147:13
uses-sdk
INJECTED from AndroidManifest.xml:0:0 reason: use-sdk injection requested
MERGED from com.android.support:appcompat-v7:21.0.3:15:5
MERGED from com.android.support:support-v4:21.0.3:15:5
MERGED from com.afollestad:material-dialogs:0.6.1.5:8:5
MERGED from com.android.support:appcompat-v7:21.0.3:15:5
MERGED from com.android.support:support-v4:21.0.3:15:5
MERGED from com.doomonafireball.betterpickers:library:1.5.3:8:5
MERGED from com.android.support:support-v4:21.0.3:15:5
MERGED from com.daimajia.easing:library:1.0.1:8:5
MERGED from com.daimajia.androidanimations:library:1.1.3:8:5
	android:targetSdkVersion
		INJECTED from AndroidManifest.xml:0:0
		INJECTED from AndroidManifest.xml:0:0
	android:minSdkVersion
		INJECTED from AndroidManifest.xml:0:0
		INJECTED from AndroidManifest.xml:0:0